2026-06-09 13:20:18,406 - INFO - Instance 1: Created isolated profile at C:\Users\Hemant\AppData\Local\Temp\yt_automation\yt_channel_cache_1780991418_1_9b02304677c7
2026-06-09 13:20:55,930 - INFO - Instance 1: Searching for channel: @rajasthanidesidiaries
2026-06-09 13:20:55,930 - INFO - Instance 1: Cycle 1/3
2026-06-09 13:21:43,658 - INFO - Instance 1: Injected PO token into video link href
2026-06-09 13:21:45,143 - INFO - Instance 1: Clicked video with pre-injected PO token
2026-06-09 13:21:51,155 - INFO - Instance 1: Watching main for 151s
2026-06-09 13:24:22,156 - INFO - Instance 1: Attempting suggested video
2026-06-09 13:24:30,941 - INFO - Instance 1: Watching suggested for 9s
2026-06-09 13:24:39,942 - INFO - Instance 1: Pausing 8.9s before next cycle
2026-06-09 13:24:54,989 - INFO - Instance 1: Cycle 2/3
2026-06-09 13:25:30,820 - INFO - Instance 1: Injected PO token into video link href
2026-06-09 13:25:32,169 - INFO - Instance 1: Clicked video with pre-injected PO token
2026-06-09 13:25:36,187 - INFO - Instance 1: Watching main for 60s
2026-06-09 13:26:36,188 - INFO - Instance 1: Attempting suggested video
2026-06-09 13:26:42,944 - INFO - Instance 1: Watching suggested for 9s
2026-06-09 13:26:51,952 - INFO - Instance 1: Pausing 10.0s before next cycle
2026-06-09 13:27:14,075 - INFO - Instance 1: Cycle 3/3
2026-06-09 13:27:45,732 - INFO - Instance 1: Injected PO token into video link href
2026-06-09 13:27:46,364 - INFO - Instance 1: Clicked video with pre-injected PO token
2026-06-09 13:27:50,829 - INFO - Instance 1: Watching main for 126s
2026-06-09 13:29:56,831 - INFO - Instance 1: Attempting suggested video
2026-06-09 13:30:05,546 - INFO - Instance 1: Watching suggested for 7s
2026-06-09 13:30:12,548 - INFO - Instance 1: Completed 3 cycle(s)
