2026-06-08 22:09:41,131 - INFO - Instance 4: Created isolated profile at C:\Users\Hemant\AppData\Local\Temp\yt_automation\yt_channel_cache_1780936781_4_e25a1e1fea89
2026-06-08 22:09:46,426 - INFO - Instance 4: Searching for channel: @rajasthanidesidiaries
2026-06-08 22:09:46,461 - INFO - Instance 4: Cycle 1/5
2026-06-08 22:10:24,128 - INFO - Instance 4: Injected PO token into video link href
2026-06-08 22:10:25,038 - INFO - Instance 4: Clicked video with pre-injected PO token
2026-06-08 22:10:45,214 - INFO - Instance 4: Watching main for 75s
2026-06-08 22:12:02,818 - INFO - Instance 4: Attempting suggested video
2026-06-08 22:12:13,601 - INFO - Instance 4: Watching suggested for 15s
2026-06-08 22:12:28,631 - INFO - Instance 4: Pausing 13.6s before next cycle
2026-06-08 22:12:47,138 - INFO - Instance 4: Cycle 2/5
2026-06-08 22:13:14,145 - INFO - Instance 4: Injected PO token into video link href
2026-06-08 22:13:14,765 - INFO - Instance 4: Clicked video with pre-injected PO token
2026-06-08 22:13:20,456 - INFO - Instance 4: Watching main for 86s
2026-06-08 22:14:46,458 - INFO - Instance 4: Attempting suggested video
2026-06-08 22:14:55,967 - INFO - Instance 4: Watching suggested for 14s
2026-06-08 22:15:09,993 - INFO - Instance 4: Pausing 14.1s before next cycle
2026-06-08 22:15:28,335 - INFO - Instance 4: Cycle 3/5
2026-06-08 22:15:54,494 - INFO - Instance 4: Injected PO token into video link href
2026-06-08 22:15:55,091 - INFO - Instance 4: Clicked video with pre-injected PO token
2026-06-08 22:15:56,461 - INFO - Instance 4: Watching main for 72s
2026-06-08 22:17:08,464 - INFO - Instance 4: Attempting suggested video
2026-06-08 22:17:18,048 - INFO - Instance 4: Watching suggested for 5s
2026-06-08 22:17:23,049 - INFO - Instance 4: Pausing 9.7s before next cycle
2026-06-08 22:17:40,295 - INFO - Instance 4: Cycle 4/5
2026-06-08 22:18:12,968 - INFO - Instance 4: Injected PO token into video link href
2026-06-08 22:18:13,502 - INFO - Instance 4: Clicked video with pre-injected PO token
2026-06-08 22:18:14,681 - INFO - Instance 4: Watching main for 48s
2026-06-08 22:19:02,682 - INFO - Instance 4: Attempting suggested video
2026-06-08 22:19:10,928 - INFO - Instance 4: Watching suggested for 5s
2026-06-08 22:19:15,928 - INFO - Instance 4: Pausing 11.0s before next cycle
2026-06-08 22:19:30,960 - INFO - Instance 4: Cycle 5/5
2026-06-08 22:19:58,167 - INFO - Instance 4: Injected PO token into video link href
2026-06-08 22:19:59,140 - INFO - Instance 4: Clicked video with pre-injected PO token
2026-06-08 22:20:03,676 - INFO - Instance 4: Watching main for 185s
2026-06-08 22:23:08,677 - INFO - Instance 4: Attempting suggested video
2026-06-08 22:23:17,191 - INFO - Instance 4: Watching suggested for 10s
2026-06-08 22:23:27,195 - INFO - Instance 4: Completed 5 cycle(s)
