2026-06-08 22:09:55,396 - INFO - Instance 5: Created isolated profile at C:\Users\Hemant\AppData\Local\Temp\yt_automation\yt_channel_cache_1780936795_5_c08cbe531ba0
2026-06-08 22:10:01,196 - INFO - Instance 5: Searching for channel: @rajasthanidesidiaries
2026-06-08 22:10:01,208 - INFO - Instance 5: Cycle 1/5
2026-06-08 22:10:59,132 - INFO - Instance 5: Injected PO token into video link href
2026-06-08 22:10:59,751 - INFO - Instance 5: Clicked video with pre-injected PO token
2026-06-08 22:11:03,730 - INFO - Instance 5: Watching main for 62s
2026-06-08 22:12:05,730 - INFO - Instance 5: Attempting suggested video
2026-06-08 22:12:18,624 - INFO - Instance 5: Watching suggested for 9s
2026-06-08 22:12:27,723 - INFO - Instance 5: Pausing 8.3s before next cycle
2026-06-08 22:12:41,296 - INFO - Instance 5: Cycle 2/5
2026-06-08 22:13:11,597 - INFO - Instance 5: Injected PO token into video link href
2026-06-08 22:13:12,121 - INFO - Instance 5: Clicked video with pre-injected PO token
2026-06-08 22:13:14,817 - INFO - Instance 5: Watching main for 55s
2026-06-08 22:14:09,818 - INFO - Instance 5: Attempting suggested video
2026-06-08 22:14:19,395 - INFO - Instance 5: Watching suggested for 5s
2026-06-08 22:14:24,399 - INFO - Instance 5: Pausing 7.6s before next cycle
2026-06-08 22:14:36,072 - INFO - Instance 5: Cycle 3/5
2026-06-08 22:15:02,940 - INFO - Instance 5: Injected PO token into video link href
2026-06-08 22:15:03,563 - INFO - Instance 5: Clicked video with pre-injected PO token
2026-06-08 22:15:05,371 - INFO - Instance 5: Watching main for 80s
2026-06-08 22:16:25,372 - INFO - Instance 5: Attempting suggested video
2026-06-08 22:16:28,560 - WARNING - Instance 5: Could not load suggested video
2026-06-08 22:16:28,561 - INFO - Instance 5: Pausing 13.7s before next cycle
2026-06-08 22:16:46,646 - INFO - Instance 5: Cycle 4/5
2026-06-08 22:17:13,906 - INFO - Instance 5: Injected PO token into video link href
2026-06-08 22:17:14,507 - INFO - Instance 5: Clicked video with pre-injected PO token
2026-06-08 22:17:17,370 - INFO - Instance 5: Watching main for 193s
2026-06-08 22:20:30,372 - INFO - Instance 5: Attempting suggested video
2026-06-08 22:20:40,411 - INFO - Instance 5: Watching suggested for 14s
2026-06-08 22:20:54,412 - INFO - Instance 5: Pausing 9.0s before next cycle
2026-06-08 22:21:08,532 - INFO - Instance 5: Cycle 5/5
2026-06-08 22:21:35,473 - INFO - Instance 5: Injected PO token into video link href
2026-06-08 22:21:36,066 - INFO - Instance 5: Clicked video with pre-injected PO token
2026-06-08 22:21:37,795 - INFO - Instance 5: Watching main for 59s
2026-06-08 22:22:36,801 - INFO - Instance 5: Attempting suggested video
2026-06-08 22:22:46,030 - INFO - Instance 5: Watching suggested for 6s
2026-06-08 22:22:52,031 - INFO - Instance 5: Completed 5 cycle(s)
