2026-06-08 22:27:32,131 - INFO - Instance 7: Created isolated profile at C:\Users\Hemant\AppData\Local\Temp\yt_automation\yt_direct_cache_1780937852_7_08e467143e2d
2026-06-08 22:27:38,210 - INFO - Instance 7: Added PO token to URL
2026-06-08 22:28:08,736 - ERROR - Instance 7: Error - Message: timeout: Timed out receiving message from renderer: 28.979
  (Session info: chrome=149.0.7827.54)
Stacktrace:
	chromedriver!GetHandleVerifier [0x7ff6c3fa33f5+14875]
	chromedriver!GetHandleVerifier [0x7ff6c3fa3450+148d0]
	chromedriver!(No symbol) [0x7ff6c3af778d]
	chromedriver!(No symbol) [0x7ff6c3ae42c9]
	chromedriver!(No symbol) [0x7ff6c3ae3fb1]
	chromedriver!(No symbol) [0x7ff6c3ae1c67]
	chromedriver!(No symbol) [0x7ff6c3ae25bf]
	chromedriver!(No symbol) [0x7ff6c3af1c8a]
	chromedriver!(No symbol) [0x7ff6c3b088b7]
	chromedriver!(No symbol) [0x7ff6c3b1074a]
	chromedriver!(No symbol) [0x7ff6c3ae2d81]
	chromedriver!(No symbol) [0x7ff6c3b085e5]
	chromedriver!(No symbol) [0x7ff6c3b9ed76]
	chromedriver!(No symbol) [0x7ff6c3b43eb0]
	chromedriver!(No symbol) [0x7ff6c3b44e23]
	chromedriver!GetHandleVerifier [0x7ff6c4586c61+5f80e1]
	chromedriver!GetHandleVerifier [0x7ff6c4580feb+5f246b]
	chromedriver!GetHandleVerifier [0x7ff6c45a62d5+617755]
	chromedriver!GetHandleVerifier [0x7ff6c3fc03ae+3182e]
	chromedriver!GetHandleVerifier [0x7ff6c3fc8acc+39f4c]
	chromedriver!GetHandleVerifier [0x7ff6c3facac4+1df44]
	chromedriver!GetHandleVerifier [0x7ff6c3facc54+1e0d4]
	chromedriver!GetHandleVerifier [0x7ff6c3f90957+1dd7]
	KERNEL32!BaseThreadInitThunk [0x7ffe875c7374+14]
	ntdll!RtlUserThreadStart [0x7ffe8957cc91+21]

