2026-06-08 22:09:41,250 - INFO - Instance 6: Created isolated profile at C:\Users\Hemant\AppData\Local\Temp\yt_automation\yt_google_cache_1780936781_6_f6ae6e9ce030
2026-06-08 22:09:45,032 - INFO - Instance 6: Cycle 1/5
2026-06-08 22:09:45,121 - INFO - Instance 6: Simulating Google Search entry
2026-06-08 22:09:45,246 - INFO - Instance 6: Searching Google for: छोरा में कूदू तू देख काया बल खाय कनिया | Anniversary Special Dance | Meenawati Song#meenawatidance
2026-06-08 22:10:15,418 - WARNING - Instance 6: Could not find YouTube result, navigating directly
2026-06-08 22:10:44,897 - INFO - Instance 6: Watching main for 95s
2026-06-08 22:12:19,985 - INFO - Instance 6: Attempting suggested video
2026-06-08 22:12:32,362 - INFO - Instance 6: Watching suggested for 12s
2026-06-08 22:12:44,369 - INFO - Instance 6: Pausing 12.7s before next cycle
2026-06-08 22:13:00,466 - INFO - Instance 6: Cycle 2/5
2026-06-08 22:13:00,467 - INFO - Instance 6: Simulating Google Search entry
2026-06-08 22:13:00,467 - INFO - Instance 6: Searching Google for: छोरा में कूदू तू देख काया बल खाय कनिया | Anniversary Special Dance | Meenawati Song#meenawatidance
2026-06-08 22:13:25,320 - INFO - Instance 6: Injected PO token into Google result
2026-06-08 22:13:34,774 - INFO - Instance 6: Clicked YouTube result from Google Search (by video ID)
2026-06-08 22:13:36,158 - INFO - Instance 6: Watching main for 187s
2026-06-08 22:16:43,160 - INFO - Instance 6: Attempting suggested video
2026-06-08 22:16:51,111 - INFO - Instance 6: Watching suggested for 12s
2026-06-08 22:17:03,111 - INFO - Instance 6: Pausing 8.4s before next cycle
2026-06-08 22:17:15,144 - INFO - Instance 6: Cycle 3/5
2026-06-08 22:17:15,154 - INFO - Instance 6: Simulating Google Search entry
2026-06-08 22:17:15,155 - INFO - Instance 6: Searching Google for: छोरा में कूदू तू देख काया बल खाय कनिया | Anniversary Special Dance | Meenawati Song#meenawatidance
2026-06-08 22:17:40,968 - INFO - Instance 6: Injected PO token into Google result
2026-06-08 22:17:43,443 - INFO - Instance 6: Clicked YouTube result from Google Search (by video ID)
2026-06-08 22:17:50,430 - INFO - Instance 6: Watching main for 89s
2026-06-08 22:19:19,450 - INFO - Instance 6: Attempting suggested video
2026-06-08 22:19:25,516 - INFO - Instance 6: Watching suggested for 6s
2026-06-08 22:19:31,562 - INFO - Instance 6: Pausing 6.5s before next cycle
2026-06-08 22:19:40,700 - INFO - Instance 6: Cycle 4/5
2026-06-08 22:19:40,700 - INFO - Instance 6: Simulating Google Search entry
2026-06-08 22:19:40,700 - INFO - Instance 6: Searching Google for: छोरा में कूदू तू देख काया बल खाय कनिया | Anniversary Special Dance | Meenawati Song#meenawatidance
2026-06-08 22:19:57,744 - INFO - Instance 6: Injected PO token into Google result
2026-06-08 22:20:04,538 - INFO - Instance 6: Clicked YouTube result from Google Search (by video ID)
2026-06-08 22:20:08,070 - INFO - Instance 6: Watching main for 141s
2026-06-08 22:22:29,071 - INFO - Instance 6: Attempting suggested video
2026-06-08 22:22:35,592 - INFO - Instance 6: Watching suggested for 14s
2026-06-08 22:22:49,593 - INFO - Instance 6: Pausing 13.1s before next cycle
2026-06-08 22:23:06,034 - INFO - Instance 6: Cycle 5/5
2026-06-08 22:23:06,034 - INFO - Instance 6: Simulating Google Search entry
2026-06-08 22:23:06,034 - INFO - Instance 6: Searching Google for: छोरा में कूदू तू देख काया बल खाय कनिया | Anniversary Special Dance | Meenawati Song#meenawatidance
2026-06-08 22:23:26,051 - INFO - Instance 6: Injected PO token into Google result
2026-06-08 22:23:26,407 - INFO - Instance 6: Clicked YouTube result from Google Search (by video ID)
2026-06-08 22:23:34,149 - INFO - Instance 6: Watching main for 185s
2026-06-08 22:26:39,155 - INFO - Instance 6: Attempting suggested video
2026-06-08 22:26:46,901 - INFO - Instance 6: Watching suggested for 11s
2026-06-08 22:26:57,901 - INFO - Instance 6: Completed 5 cycle(s)
