2026-06-08 21:54:43,844 - INFO - Instance 1: Created isolated profile at C:\Users\Hemant\AppData\Local\Temp\yt_automation\yt_search_cache_1780935883_1_9fc3c40ed3ea
2026-06-08 21:55:05,526 - INFO - Instance 1: Cycle 1/5
2026-06-08 21:56:19,511 - INFO - Instance 1: Injected PO token into video link href
2026-06-08 21:56:20,249 - INFO - Instance 1: Clicked video result with pre-injected PO token
2026-06-08 21:56:25,702 - INFO - Instance 1: Watching main for 145s
2026-06-08 21:58:50,703 - INFO - Instance 1: Attempting suggested video
2026-06-08 21:58:53,820 - WARNING - Instance 1: Could not load suggested video
2026-06-08 21:58:53,820 - INFO - Instance 1: Pausing 7.2s before next cycle
2026-06-08 21:59:05,120 - INFO - Instance 1: Cycle 2/5
2026-06-08 21:59:29,412 - INFO - Instance 1: Injected PO token into video link href
2026-06-08 21:59:29,939 - INFO - Instance 1: Clicked video result with pre-injected PO token
2026-06-08 21:59:31,851 - INFO - Instance 1: Watching main for 112s
2026-06-08 22:01:23,855 - INFO - Instance 1: Attempting suggested video
2026-06-08 22:01:32,708 - INFO - Instance 1: Watching suggested for 15s
2026-06-08 22:01:47,709 - INFO - Instance 1: Pausing 10.0s before next cycle
2026-06-08 22:02:01,552 - INFO - Instance 1: Cycle 3/5
2026-06-08 22:02:27,697 - INFO - Instance 1: Injected PO token into video link href
2026-06-08 22:02:28,222 - INFO - Instance 1: Clicked video result with pre-injected PO token
2026-06-08 22:02:29,977 - INFO - Instance 1: Watching main for 49s
2026-06-08 22:03:18,978 - INFO - Instance 1: Attempting suggested video
2026-06-08 22:03:27,556 - INFO - Instance 1: Watching suggested for 8s
2026-06-08 22:03:35,558 - INFO - Instance 1: Pausing 5.0s before next cycle
2026-06-08 22:03:44,760 - INFO - Instance 1: Cycle 4/5
2026-06-08 22:04:10,730 - INFO - Instance 1: Injected PO token into video link href
2026-06-08 22:04:11,315 - INFO - Instance 1: Clicked video result with pre-injected PO token
2026-06-08 22:04:13,294 - INFO - Instance 1: Watching main for 170s
2026-06-08 22:07:03,295 - INFO - Instance 1: Attempting suggested video
2026-06-08 22:07:15,600 - WARNING - Instance 1: Could not load suggested video
2026-06-08 22:07:15,600 - INFO - Instance 1: Pausing 10.1s before next cycle
2026-06-08 22:07:29,521 - INFO - Instance 1: Cycle 5/5
2026-06-08 22:07:54,182 - INFO - Instance 1: Injected PO token into video link href
2026-06-08 22:07:54,785 - INFO - Instance 1: Clicked video result with pre-injected PO token
2026-06-08 22:07:56,856 - INFO - Instance 1: Watching main for 56s
2026-06-08 22:08:52,857 - INFO - Instance 1: Attempting suggested video
2026-06-08 22:09:01,479 - INFO - Instance 1: Watching suggested for 13s
2026-06-08 22:09:14,480 - INFO - Instance 1: Completed 5 cycle(s)
