2026-06-09 13:30:39,493 - INFO - Instance 4: Created isolated profile at C:\Users\Hemant\AppData\Local\Temp\yt_automation\yt_search_cache_1780992039_4_49019d380552
2026-06-09 13:30:43,515 - INFO - Instance 4: Cycle 1/3
2026-06-09 13:31:21,480 - INFO - Instance 4: Injected PO token into video link href
2026-06-09 13:31:21,999 - INFO - Instance 4: Clicked video result with pre-injected PO token
2026-06-09 13:31:29,495 - INFO - Instance 4: Watching main for 112s
2026-06-09 13:33:21,496 - INFO - Instance 4: Attempting suggested video
2026-06-09 13:33:29,839 - INFO - Instance 4: Watching suggested for 7s
2026-06-09 13:33:36,841 - INFO - Instance 4: Pausing 14.4s before next cycle
2026-06-09 13:33:56,287 - INFO - Instance 4: Cycle 2/3
2026-06-09 13:34:20,233 - INFO - Instance 4: Injected PO token into video link href
2026-06-09 13:34:20,749 - INFO - Instance 4: Clicked video result with pre-injected PO token
2026-06-09 13:34:22,605 - INFO - Instance 4: Watching main for 178s
2026-06-09 13:37:20,606 - INFO - Instance 4: Attempting suggested video
2026-06-09 13:37:29,340 - INFO - Instance 4: Watching suggested for 12s
2026-06-09 13:37:41,341 - INFO - Instance 4: Pausing 10.8s before next cycle
2026-06-09 13:37:57,777 - INFO - Instance 4: Cycle 3/3
2026-06-09 13:38:23,029 - INFO - Instance 4: Injected PO token into video link href
2026-06-09 13:38:23,549 - INFO - Instance 4: Clicked video result with pre-injected PO token
2026-06-09 13:38:26,289 - INFO - Instance 4: Watching main for 124s
2026-06-09 13:40:30,290 - INFO - Instance 4: Attempting suggested video
2026-06-09 13:40:39,689 - INFO - Instance 4: Watching suggested for 14s
2026-06-09 13:40:53,690 - INFO - Instance 4: Completed 3 cycle(s)
